21:36:10 **** Incremental Build of configuration Debug for project HTS221_I2C_Test ****
make -j8 all 
arm-none-eabi-gcc "../Core/Src/main.c" -mcpu=cortex-m4 -std=gnu11 -g3 -DDEBUG -DUSE_HAL_DRIVER -DSTM32L475xx -c -I../Core/Inc -I../Drivers/STM32L4xx_HAL_Driver/Inc -I../Drivers/STM32L4xx_HAL_Driver/Inc/Legacy -I../Drivers/CMSIS/Device/ST/STM32L4xx/Include -I../Drivers/CMSIS/Include -O0 -ffunction-sections -fdata-sections -Wall -fstack-usage -fcyclomatic-complexity -MMD -MP -MF"Core/Src/main.d" -MT"Core/Src/main.o" --specs=nano.specs -mfpu=fpv4-sp-d16 -mfloat-abi=hard -mthumb -o "Core/Src/main.o"
../Core/Src/main.c: In function 'main':
../Core/Src/main.c:130:3: warning: implicit declaration of function 'DWT_Tick_Init'; did you mean 'DWT_TickInit'? [-Wimplicit-function-declaration]
  130 |   DWT_Tick_Init();
      |   ^~~~~~~~~~~~~
      |   DWT_TickInit
../Core/Src/main.c:155:66: warning: implicit declaration of function 'delay_cpu_ms' [-Wimplicit-function-declaration]
  155 |   for (int i=0;i<3;i++){ HAL_GPIO_TogglePin(GPIOB, GPIO_PIN_14); delay_cpu_ms(120); }
      |                                                                  ^~~~~~~~~~~~
At top level:
../Core/Src/main.c:77:13: warning: 'DWT_TickInit' defined but not used [-Wunused-function]
   77 | static void DWT_TickInit(void)
      |             ^~~~~~~~~~~~
../Core/Src/main.c:73:13: warning: 'busy' defined but not used [-Wunused-function]
   73 | static void busy (volatile uint32_t n){while(n--) __asm__("nop");}
      |             ^~~~
../Core/Src/main.c:71:13: warning: 'LED_Toggle' defined but not used [-Wunused-function]
   71 | static void LED_Toggle(void){HAL_GPIO_TogglePin(GPIOB, GPIO_PIN_14);}
      |             ^~~~~~~~~~
arm-none-eabi-gcc -o "HTS221_I2C_Test.elf" @"objects.list"   -mcpu=cortex-m4 -T"C:\Users\admin\Desktop\Aerospace_Training\Week2\HTS221_I2C_Test\STM32L475VGTX_FLASH.ld" --specs=nosys.specs -Wl,-Map="HTS221_I2C_Test.map" -Wl,--gc-sections -static --specs=nano.specs -mfpu=fpv4-sp-d16 -mfloat-abi=hard -mthumb -Wl,--start-group -lc -lm -Wl,--end-group
D:/STM32CubeIDE_1.13.2/STM32CubeIDE/plugins/com.st.stm32cube.ide.mcu.externaltools.gnu-tools-for-stm32.11.3.rel1.win32_1.1.1.202309131626/tools/bin/../lib/gcc/arm-none-eabi/11.3.1/../../../../arm-none-eabi/bin/ld.exe: ./Core/Src/main.o: in function `main':
C:/Users/admin/Desktop/Aerospace_Training/Week2/HTS221_I2C_Test/Debug/../Core/Src/main.c:130: undefined reference to `DWT_Tick_Init'
D:/STM32CubeIDE_1.13.2/STM32CubeIDE/plugins/com.st.stm32cube.ide.mcu.externaltools.gnu-tools-for-stm32.11.3.rel1.win32_1.1.1.202309131626/tools/bin/../lib/gcc/arm-none-eabi/11.3.1/../../../../arm-none-eabi/bin/ld.exe: C:/Users/admin/Desktop/Aerospace_Training/Week2/HTS221_I2C_Test/Debug/../Core/Src/main.c:155: undefined reference to `delay_cpu_ms'
D:/STM32CubeIDE_1.13.2/STM32CubeIDE/plugins/com.st.stm32cube.ide.mcu.externaltools.gnu-tools-for-stm32.11.3.rel1.win32_1.1.1.202309131626/tools/bin/../lib/gcc/arm-none-eabi/11.3.1/../../../../arm-none-eabi/bin/ld.exe: C:/Users/admin/Desktop/Aerospace_Training/Week2/HTS221_I2C_Test/Debug/../Core/Src/main.c:167: undefined reference to `delay_cpu_ms'
collect2.exe: error: ld returned 1 exit status
make: *** [makefile:64: HTS221_I2C_Test.elf] Error 1
"make -j8 all" terminated with exit code 2. Build might be incomplete.
21:37:09 **** Incremental Build of configuration Debug for project HTS221_I2C_Test ****
make -j8 all 
arm-none-eabi-gcc -o "HTS221_I2C_Test.elf" @"objects.list"   -mcpu=cortex-m4 -T"C:\Users\admin\Desktop\Aerospace_Training\Week2\HTS221_I2C_Test\STM32L475VGTX_FLASH.ld" --specs=nosys.specs -Wl,-Map="HTS221_I2C_Test.map" -Wl,--gc-sections -static --specs=nano.specs -mfpu=fpv4-sp-d16 -mfloat-abi=hard -mthumb -Wl,--start-group -lc -lm -Wl,--end-group
D:/STM32CubeIDE_1.13.2/STM32CubeIDE/plugins/com.st.stm32cube.ide.mcu.externaltools.gnu-tools-for-stm32.11.3.rel1.win32_1.1.1.202309131626/tools/bin/../lib/gcc/arm-none-eabi/11.3.1/../../../../arm-none-eabi/bin/ld.exe: ./Core/Src/main.o: in function `main':
C:/Users/admin/Desktop/Aerospace_Training/Week2/HTS221_I2C_Test/Debug/../Core/Src/main.c:130: undefined reference to `DWT_Tick_Init'
D:/STM32CubeIDE_1.13.2/STM32CubeIDE/plugins/com.st.stm32cube.ide.mcu.externaltools.gnu-tools-for-stm32.11.3.rel1.win32_1.1.1.202309131626/tools/bin/../lib/gcc/arm-none-eabi/11.3.1/../../../../arm-none-eabi/bin/ld.exe: C:/Users/admin/Desktop/Aerospace_Training/Week2/HTS221_I2C_Test/Debug/../Core/Src/main.c:155: undefined reference to `delay_cpu_ms'
D:/STM32CubeIDE_1.13.2/STM32CubeIDE/plugins/com.st.stm32cube.ide.mcu.externaltools.gnu-tools-for-stm32.11.3.rel1.win32_1.1.1.202309131626/tools/bin/../lib/gcc/arm-none-eabi/11.3.1/../../../../arm-none-eabi/bin/ld.exe: C:/Users/admin/Desktop/Aerospace_Training/Week2/HTS221_I2C_Test/Debug/../Core/Src/main.c:167: undefined reference to `delay_cpu_ms'
collect2.exe: error: ld returned 1 exit status
make: *** [makefile:64: HTS221_I2C_Test.elf] Error 1
"make -j8 all" terminated with exit code 2. Build might be incomplete.
21:39:17 **** Incremental Build of configuration Debug for project HTS221_I2C_Test ****
make -j8 all 
arm-none-eabi-gcc "../Core/Src/main.c" -mcpu=cortex-m4 -std=gnu11 -g3 -DDEBUG -DUSE_HAL_DRIVER -DSTM32L475xx -c -I../Core/Inc -I../Drivers/STM32L4xx_HAL_Driver/Inc -I../Drivers/STM32L4xx_HAL_Driver/Inc/Legacy -I../Drivers/CMSIS/Device/ST/STM32L4xx/Include -I../Drivers/CMSIS/Include -O0 -ffunction-sections -fdata-sections -Wall -fstack-usage -fcyclomatic-complexity -MMD -MP -MF"Core/Src/main.d" -MT"Core/Src/main.o" --specs=nano.specs -mfpu=fpv4-sp-d16 -mfloat-abi=hard -mthumb -o "Core/Src/main.o"
../Core/Src/main.c: In function 'main':
../Core/Src/main.c:155:66: warning: implicit declaration of function 'delay_cpu_ms' [-Wimplicit-function-declaration]
  155 |   for (int i=0;i<3;i++){ HAL_GPIO_TogglePin(GPIOB, GPIO_PIN_14); delay_cpu_ms(120); }
      |                                                                  ^~~~~~~~~~~~
At top level:
../Core/Src/main.c:73:13: warning: 'busy' defined but not used [-Wunused-function]
   73 | static void busy (volatile uint32_t n){while(n--) __asm__("nop");}
      |             ^~~~
../Core/Src/main.c:71:13: warning: 'LED_Toggle' defined but not used [-Wunused-function]
   71 | static void LED_Toggle(void){HAL_GPIO_TogglePin(GPIOB, GPIO_PIN_14);}
      |             ^~~~~~~~~~
arm-none-eabi-gcc -o "HTS221_I2C_Test.elf" @"objects.list"   -mcpu=cortex-m4 -T"C:\Users\admin\Desktop\Aerospace_Training\Week2\HTS221_I2C_Test\STM32L475VGTX_FLASH.ld" --specs=nosys.specs -Wl,-Map="HTS221_I2C_Test.map" -Wl,--gc-sections -static --specs=nano.specs -mfpu=fpv4-sp-d16 -mfloat-abi=hard -mthumb -Wl,--start-group -lc -lm -Wl,--end-group
D:/STM32CubeIDE_1.13.2/STM32CubeIDE/plugins/com.st.stm32cube.ide.mcu.externaltools.gnu-tools-for-stm32.11.3.rel1.win32_1.1.1.202309131626/tools/bin/../lib/gcc/arm-none-eabi/11.3.1/../../../../arm-none-eabi/bin/ld.exe: ./Core/Src/main.o: in function `main':
C:/Users/admin/Desktop/Aerospace_Training/Week2/HTS221_I2C_Test/Debug/../Core/Src/main.c:155: undefined reference to `delay_cpu_ms'
D:/STM32CubeIDE_1.13.2/STM32CubeIDE/plugins/com.st.stm32cube.ide.mcu.externaltools.gnu-tools-for-stm32.11.3.rel1.win32_1.1.1.202309131626/tools/bin/../lib/gcc/arm-none-eabi/11.3.1/../../../../arm-none-eabi/bin/ld.exe: C:/Users/admin/Desktop/Aerospace_Training/Week2/HTS221_I2C_Test/Debug/../Core/Src/main.c:167: undefined reference to `delay_cpu_ms'
collect2.exe: error: ld returned 1 exit status
make: *** [makefile:64: HTS221_I2C_Test.elf] Error 1
"make -j8 all" terminated with exit code 2. Build might be incomplete.
21:41:10 **** Incremental Build of configuration Debug for project HTS221_I2C_Test ****
make -j8 all 
arm-none-eabi-gcc "../Core/Src/main.c" -mcpu=cortex-m4 -std=gnu11 -g3 -DDEBUG -DUSE_HAL_DRIVER -DSTM32L475xx -c -I../Core/Inc -I../Drivers/STM32L4xx_HAL_Driver/Inc -I../Drivers/STM32L4xx_HAL_Driver/Inc/Legacy -I../Drivers/CMSIS/Device/ST/STM32L4xx/Include -I../Drivers/CMSIS/Include -O0 -ffunction-sections -fdata-sections -Wall -fstack-usage -fcyclomatic-complexity -MMD -MP -MF"Core/Src/main.d" -MT"Core/Src/main.o" --specs=nano.specs -mfpu=fpv4-sp-d16 -mfloat-abi=hard -mthumb -o "Core/Src/main.o"
../Core/Src/main.c: In function 'main':
../Core/Src/main.c:167:11: warning: implicit declaration of function 'delay_cpu_ms' [-Wimplicit-function-declaration]
  167 |           delay_cpu_ms(1000);// ~1 Hz
      |           ^~~~~~~~~~~~
At top level:
../Core/Src/main.c:73:13: warning: 'busy' defined but not used [-Wunused-function]
   73 | static void busy (volatile uint32_t n){while(n--) __asm__("nop");}
      |             ^~~~
../Core/Src/main.c:71:13: warning: 'LED_Toggle' defined but not used [-Wunused-function]
   71 | static void LED_Toggle(void){HAL_GPIO_TogglePin(GPIOB, GPIO_PIN_14);}
      |             ^~~~~~~~~~
arm-none-eabi-gcc -o "HTS221_I2C_Test.elf" @"objects.list"   -mcpu=cortex-m4 -T"C:\Users\admin\Desktop\Aerospace_Training\Week2\HTS221_I2C_Test\STM32L475VGTX_FLASH.ld" --specs=nosys.specs -Wl,-Map="HTS221_I2C_Test.map" -Wl,--gc-sections -static --specs=nano.specs -mfpu=fpv4-sp-d16 -mfloat-abi=hard -mthumb -Wl,--start-group -lc -lm -Wl,--end-group
D:/STM32CubeIDE_1.13.2/STM32CubeIDE/plugins/com.st.stm32cube.ide.mcu.externaltools.gnu-tools-for-stm32.11.3.rel1.win32_1.1.1.202309131626/tools/bin/../lib/gcc/arm-none-eabi/11.3.1/../../../../arm-none-eabi/bin/ld.exe: ./Core/Src/main.o: in function `main':
C:/Users/admin/Desktop/Aerospace_Training/Week2/HTS221_I2C_Test/Debug/../Core/Src/main.c:167: undefined reference to `delay_cpu_ms'
collect2.exe: error: ld returned 1 exit status
make: *** [makefile:64: HTS221_I2C_Test.elf] Error 1
"make -j8 all" terminated with exit code 2. Build might be incomplete.
21:41:42 **** Incremental Build of configuration Debug for project HTS221_I2C_Test ****
make -j8 all 
arm-none-eabi-gcc "../Core/Src/main.c" -mcpu=cortex-m4 -std=gnu11 -g3 -DDEBUG -DUSE_HAL_DRIVER -DSTM32L475xx -c -I../Core/Inc -I../Drivers/STM32L4xx_HAL_Driver/Inc -I../Drivers/STM32L4xx_HAL_Driver/Inc/Legacy -I../Drivers/CMSIS/Device/ST/STM32L4xx/Include -I../Drivers/CMSIS/Include -O0 -ffunction-sections -fdata-sections -Wall -fstack-usage -fcyclomatic-complexity -MMD -MP -MF"Core/Src/main.d" -MT"Core/Src/main.o" --specs=nano.specs -mfpu=fpv4-sp-d16 -mfloat-abi=hard -mthumb -o "Core/Src/main.o"
../Core/Src/main.c:73:13: warning: 'busy' defined but not used [-Wunused-function]
   73 | static void busy (volatile uint32_t n){while(n--) __asm__("nop");}
      |             ^~~~
../Core/Src/main.c:71:13: warning: 'LED_Toggle' defined but not used [-Wunused-function]
   71 | static void LED_Toggle(void){HAL_GPIO_TogglePin(GPIOB, GPIO_PIN_14);}
      |             ^~~~~~~~~~
arm-none-eabi-gcc -o "HTS221_I2C_Test.elf" @"objects.list"   -mcpu=cortex-m4 -T"C:\Users\admin\Desktop\Aerospace_Training\Week2\HTS221_I2C_Test\STM32L475VGTX_FLASH.ld" --specs=nosys.specs -Wl,-Map="HTS221_I2C_Test.map" -Wl,--gc-sections -static --specs=nano.specs -mfpu=fpv4-sp-d16 -mfloat-abi=hard -mthumb -Wl,--start-group -lc -lm -Wl,--end-group
Finished building target: HTS221_I2C_Test.elf
 
arm-none-eabi-size   HTS221_I2C_Test.elf 
arm-none-eabi-objdump -h -S  HTS221_I2C_Test.elf  > "HTS221_I2C_Test.list"
   text	   data	    bss	    dec	    hex	filename
  15224	     20	   1756	  17000	   4268	HTS221_I2C_Test.elf
Finished building: default.size.stdout
 
Finished building: HTS221_I2C_Test.list
 
21:41:45 **** Incremental Build of configuration Debug for project HTS221_I2C_Test ****
make -j8 all 
arm-none-eabi-size   HTS221_I2C_Test.elf 
   text	   data	    bss	    dec	    hex	filename
  15224	     20	   1756	  17000	   4268	HTS221_I2C_Test.elf
Finished building: default.size.stdout
 
21:43:53 **** Incremental Build of configuration Debug for project HTS221_I2C_Test ****
make -j8 all 
arm-none-eabi-size   HTS221_I2C_Test.elf 
   text	   data	    bss	    dec	    hex	filename
  15224	     20	   1756	  17000	   4268	HTS221_I2C_Test.elf
Finished building: default.size.stdout
 
21:43:59 **** Incremental Build of configuration Debug for project HTS221_I2C_Test ****
make -j8 all 
arm-none-eabi-size   HTS221_I2C_Test.elf 
   text	   data	    bss	    dec	    hex	filename
  15224	     20	   1756	  17000	   4268	HTS221_I2C_Test.elf
Finished building: default.size.stdout
 
21:57:50 **** Incremental Build of configuration Debug for project HTS221_I2C_Test ****
make -j8 all 
arm-none-eabi-gcc "../Drivers/STM32L4xx_HAL_Driver/Src/stm32l4xx_hal.c" -mcpu=cortex-m4 -std=gnu11 -g3 -DDEBUG -DUSE_HAL_DRIVER -DSTM32L475xx -c -I../Core/Inc -I../Drivers/STM32L4xx_HAL_Driver/Inc -I../Drivers/STM32L4xx_HAL_Driver/Inc/Legacy -I../Drivers/CMSIS/Device/ST/STM32L4xx/Include -I../Drivers/CMSIS/Include -O0 -ffunction-sections -fdata-sections -Wall -fstack-usage -fcyclomatic-complexity -MMD -MP -MF"Drivers/STM32L4xx_HAL_Driver/Src/stm32l4xx_hal.d" -MT"Drivers/STM32L4xx_HAL_Driver/Src/stm32l4xx_hal.o" --specs=nano.specs -mfpu=fpv4-sp-d16 -mfloat-abi=hard -mthumb -o "Drivers/STM32L4xx_HAL_Driver/Src/stm32l4xx_hal.o"
arm-none-eabi-gcc "../Drivers/STM32L4xx_HAL_Driver/Src/stm32l4xx_hal_cortex.c" -mcpu=cortex-m4 -std=gnu11 -g3 -DDEBUG -DUSE_HAL_DRIVER -DSTM32L475xx -c -I../Core/Inc -I../Drivers/STM32L4xx_HAL_Driver/Inc -I../Drivers/STM32L4xx_HAL_Driver/Inc/Legacy -I../Drivers/CMSIS/Device/ST/STM32L4xx/Include -I../Drivers/CMSIS/Include -O0 -ffunction-sections -fdata-sections -Wall -fstack-usage -fcyclomatic-complexity -MMD -MP -MF"Drivers/STM32L4xx_HAL_Driver/Src/stm32l4xx_hal_cortex.d" -MT"Drivers/STM32L4xx_HAL_Driver/Src/stm32l4xx_hal_cortex.o" --specs=nano.specs -mfpu=fpv4-sp-d16 -mfloat-abi=hard -mthumb -o "Drivers/STM32L4xx_HAL_Driver/Src/stm32l4xx_hal_cortex.o"
arm-none-eabi-gcc "../Drivers/STM32L4xx_HAL_Driver/Src/stm32l4xx_hal_dfsdm.c" -mcpu=cortex-m4 -std=gnu11 -g3 -DDEBUG -DUSE_HAL_DRIVER -DSTM32L475xx -c -I../Core/Inc -I../Drivers/STM32L4xx_HAL_Driver/Inc -I../Drivers/STM32L4xx_HAL_Driver/Inc/Legacy -I../Drivers/CMSIS/Device/ST/STM32L4xx/Include -I../Drivers/CMSIS/Include -O0 -ffunction-sections -fdata-sections -Wall -fstack-usage -fcyclomatic-complexity -MMD -MP -MF"Drivers/STM32L4xx_HAL_Driver/Src/stm32l4xx_hal_dfsdm.d" -MT"Drivers/STM32L4xx_HAL_Driver/Src/stm32l4xx_hal_dfsdm.o" --specs=nano.specs -mfpu=fpv4-sp-d16 -mfloat-abi=hard -mthumb -o "Drivers/STM32L4xx_HAL_Driver/Src/stm32l4xx_hal_dfsdm.o"
arm-none-eabi-gcc "../Drivers/STM32L4xx_HAL_Driver/Src/stm32l4xx_hal_dma.c" -mcpu=cortex-m4 -std=gnu11 -g3 -DDEBUG -DUSE_HAL_DRIVER -DSTM32L475xx -c -I../Core/Inc -I../Drivers/STM32L4xx_HAL_Driver/Inc -I../Drivers/STM32L4xx_HAL_Driver/Inc/Legacy -I../Drivers/CMSIS/Device/ST/STM32L4xx/Include -I../Drivers/CMSIS/Include -O0 -ffunction-sections -fdata-sections -Wall -fstack-usage -fcyclomatic-complexity -MMD -MP -MF"Drivers/STM32L4xx_HAL_Driver/Src/stm32l4xx_hal_dma.d" -MT"Drivers/STM32L4xx_HAL_Driver/Src/stm32l4xx_hal_dma.o" --specs=nano.specs -mfpu=fpv4-sp-d16 -mfloat-abi=hard -mthumb -o "Drivers/STM32L4xx_HAL_Driver/Src/stm32l4xx_hal_dma.o"
arm-none-eabi-gcc "../Drivers/STM32L4xx_HAL_Driver/Src/stm32l4xx_hal_dma_ex.c" -mcpu=cortex-m4 -std=gnu11 -g3 -DDEBUG -DUSE_HAL_DRIVER -DSTM32L475xx -c -I../Core/Inc -I../Drivers/STM32L4xx_HAL_Driver/Inc -I../Drivers/STM32L4xx_HAL_Driver/Inc/Legacy -I../Drivers/CMSIS/Device/ST/STM32L4xx/Include -I../Drivers/CMSIS/Include -O0 -ffunction-sections -fdata-sections -Wall -fstack-usage -fcyclomatic-complexity -MMD -MP -MF"Drivers/STM32L4xx_HAL_Driver/Src/stm32l4xx_hal_dma_ex.d" -MT"Drivers/STM32L4xx_HAL_Driver/Src/stm32l4xx_hal_dma_ex.o" --specs=nano.specs -mfpu=fpv4-sp-d16 -mfloat-abi=hard -mthumb -o "Drivers/STM32L4xx_HAL_Driver/Src/stm32l4xx_hal_dma_ex.o"
arm-none-eabi-gcc "../Drivers/STM32L4xx_HAL_Driver/Src/stm32l4xx_hal_exti.c" -mcpu=cortex-m4 -std=gnu11 -g3 -DDEBUG -DUSE_HAL_DRIVER -DSTM32L475xx -c -I../Core/Inc -I../Drivers/STM32L4xx_HAL_Driver/Inc -I../Drivers/STM32L4xx_HAL_Driver/Inc/Legacy -I../Drivers/CMSIS/Device/ST/STM32L4xx/Include -I../Drivers/CMSIS/Include -O0 -ffunction-sections -fdata-sections -Wall -fstack-usage -fcyclomatic-complexity -MMD -MP -MF"Drivers/STM32L4xx_HAL_Driver/Src/stm32l4xx_hal_exti.d" -MT"Drivers/STM32L4xx_HAL_Driver/Src/stm32l4xx_hal_exti.o" --specs=nano.specs -mfpu=fpv4-sp-d16 -mfloat-abi=hard -mthumb -o "Drivers/STM32L4xx_HAL_Driver/Src/stm32l4xx_hal_exti.o"
arm-none-eabi-gcc "../Drivers/STM32L4xx_HAL_Driver/Src/stm32l4xx_hal_flash.c" -mcpu=cortex-m4 -std=gnu11 -g3 -DDEBUG -DUSE_HAL_DRIVER -DSTM32L475xx -c -I../Core/Inc -I../Drivers/STM32L4xx_HAL_Driver/Inc -I../Drivers/STM32L4xx_HAL_Driver/Inc/Legacy -I../Drivers/CMSIS/Device/ST/STM32L4xx/Include -I../Drivers/CMSIS/Include -O0 -ffunction-sections -fdata-sections -Wall -fstack-usage -fcyclomatic-complexity -MMD -MP -MF"Drivers/STM32L4xx_HAL_Driver/Src/stm32l4xx_hal_flash.d" -MT"Drivers/STM32L4xx_HAL_Driver/Src/stm32l4xx_hal_flash.o" --specs=nano.specs -mfpu=fpv4-sp-d16 -mfloat-abi=hard -mthumb -o "Drivers/STM32L4xx_HAL_Driver/Src/stm32l4xx_hal_flash.o"
arm-none-eabi-gcc "../Drivers/STM32L4xx_HAL_Driver/Src/stm32l4xx_hal_flash_ex.c" -mcpu=cortex-m4 -std=gnu11 -g3 -DDEBUG -DUSE_HAL_DRIVER -DSTM32L475xx -c -I../Core/Inc -I../Drivers/STM32L4xx_HAL_Driver/Inc -I../Drivers/STM32L4xx_HAL_Driver/Inc/Legacy -I../Drivers/CMSIS/Device/ST/STM32L4xx/Include -I../Drivers/CMSIS/Include -O0 -ffunction-sections -fdata-sections -Wall -fstack-usage -fcyclomatic-complexity -MMD -MP -MF"Drivers/STM32L4xx_HAL_Driver/Src/stm32l4xx_hal_flash_ex.d" -MT"Drivers/STM32L4xx_HAL_Driver/Src/stm32l4xx_hal_flash_ex.o" --specs=nano.specs -mfpu=fpv4-sp-d16 -mfloat-abi=hard -mthumb -o "Drivers/STM32L4xx_HAL_Driver/Src/stm32l4xx_hal_flash_ex.o"
In file included from ../Drivers/STM32L4xx_HAL_Driver/Inc/stm32l4xx_hal.h:29,
                 from ../Drivers/STM32L4xx_HAL_Driver/Src/stm32l4xx_hal_dfsdm.c:268:
../Core/Inc/stm32l4xx_hal_conf.h:94:31: error: expected identifier before numeric constant
   94 | #define HAL_TICK_FREQ_DEFAULT 1000U
      |                               ^~~~~
../Drivers/STM32L4xx_HAL_Driver/Inc/stm32l4xx_hal.h:52:3: note: in expansion of macro 'HAL_TICK_FREQ_DEFAULT'
   52 |   HAL_TICK_FREQ_DEFAULT      = HAL_TICK_FREQ_1KHZ
      |   ^~~~~~~~~~~~~~~~~~~~~
In file included from ../Drivers/STM32L4xx_HAL_Driver/Inc/stm32l4xx_hal.h:29,
                 from ../Drivers/STM32L4xx_HAL_Driver/Src/stm32l4xx_hal_cortex.c:104:
../Core/Inc/stm32l4xx_hal_conf.h:94:31: error: expected identifier before numeric constant
   94 | #define HAL_TICK_FREQ_DEFAULT 1000U
      |                               ^~~~~
../Drivers/STM32L4xx_HAL_Driver/Inc/stm32l4xx_hal.h:52:3: note: in expansion of macro 'HAL_TICK_FREQ_DEFAULT'
   52 |   HAL_TICK_FREQ_DEFAULT      = HAL_TICK_FREQ_1KHZ
      |   ^~~~~~~~~~~~~~~~~~~~~
In file included from ../Drivers/STM32L4xx_HAL_Driver/Inc/stm32l4xx_hal.h:29,
                 from ../Drivers/STM32L4xx_HAL_Driver/Src/stm32l4xx_hal.c:36:
../Core/Inc/stm32l4xx_hal_conf.h:94:31: error: expected identifier before numeric constant
   94 | #define HAL_TICK_FREQ_DEFAULT 1000U
      |                               ^~~~~
../Drivers/STM32L4xx_HAL_Driver/Inc/stm32l4xx_hal.h:52:3: note: in expansion of macro 'HAL_TICK_FREQ_DEFAULT'
   52 |   HAL_TICK_FREQ_DEFAULT      = HAL_TICK_FREQ_1KHZ
      |   ^~~~~~~~~~~~~~~~~~~~~
../Core/Inc/stm32l4xx_hal_conf.h:94:31: warning: conversion from 'unsigned int' to 'HAL_TickFreqTypeDef' changes value from '1000' to '232' [-Woverflow]
   94 | #define HAL_TICK_FREQ_DEFAULT 1000U
      |                               ^~~~~
../Drivers/STM32L4xx_HAL_Driver/Src/stm32l4xx_hal.c:92:34: note: in expansion of macro 'HAL_TICK_FREQ_DEFAULT'
   92 | HAL_TickFreqTypeDef uwTickFreq = HAL_TICK_FREQ_DEFAULT;  /* 1KHz */
      |                                  ^~~~~~~~~~~~~~~~~~~~~
In file included from ../Drivers/STM32L4xx_HAL_Driver/Inc/stm32l4xx_hal.h:29,
                 from ../Drivers/STM32L4xx_HAL_Driver/Src/stm32l4xx_hal_dma_ex.c:50:
../Core/Inc/stm32l4xx_hal_conf.h:94:31: error: expected identifier before numeric constant
   94 | #define HAL_TICK_FREQ_DEFAULT 1000U
      |                               ^~~~~
../Drivers/STM32L4xx_HAL_Driver/Inc/stm32l4xx_hal.h:52:3: note: in expansion of macro 'HAL_TICK_FREQ_DEFAULT'
   52 |   HAL_TICK_FREQ_DEFAULT      = HAL_TICK_FREQ_1KHZ
      |   ^~~~~~~~~~~~~~~~~~~~~
In file included from ../Drivers/STM32L4xx_HAL_Driver/Inc/stm32l4xx_hal.h:29,
                 from ../Drivers/STM32L4xx_HAL_Driver/Src/stm32l4xx_hal_dma.c:91:
../Core/Inc/stm32l4xx_hal_conf.h:94:31: error: expected identifier before numeric constant
   94 | #define HAL_TICK_FREQ_DEFAULT 1000U
      |                               ^~~~~
../Drivers/STM32L4xx_HAL_Driver/Inc/stm32l4xx_hal.h:52:3: note: in expansion of macro 'HAL_TICK_FREQ_DEFAULT'
   52 |   HAL_TICK_FREQ_DEFAULT      = HAL_TICK_FREQ_1KHZ
      |   ^~~~~~~~~~~~~~~~~~~~~
In file included from ../Drivers/STM32L4xx_HAL_Driver/Inc/stm32l4xx_hal.h:29,
                 from ../Drivers/STM32L4xx_HAL_Driver/Src/stm32l4xx_hal_flash.c:88:
../Core/Inc/stm32l4xx_hal_conf.h:94:31: error: expected identifier before numeric constant
   94 | #define HAL_TICK_FREQ_DEFAULT 1000U
      |                               ^~~~~
../Drivers/STM32L4xx_HAL_Driver/Inc/stm32l4xx_hal.h:52:3: note: in expansion of macro 'HAL_TICK_FREQ_DEFAULT'
   52 |   HAL_TICK_FREQ_DEFAULT      = HAL_TICK_FREQ_1KHZ
      |   ^~~~~~~~~~~~~~~~~~~~~
In file included from ../Drivers/STM32L4xx_HAL_Driver/Inc/stm32l4xx_hal.h:29,
                 from ../Drivers/STM32L4xx_HAL_Driver/Src/stm32l4xx_hal_flash_ex.c:61:
../Core/Inc/stm32l4xx_hal_conf.h:94:31: error: expected identifier before numeric constant
   94 | #define HAL_TICK_FREQ_DEFAULT 1000U
      |                               ^~~~~
../Drivers/STM32L4xx_HAL_Driver/Inc/stm32l4xx_hal.h:52:3: note: in expansion of macro 'HAL_TICK_FREQ_DEFAULT'
   52 |   HAL_TICK_FREQ_DEFAULT      = HAL_TICK_FREQ_1KHZ
      |   ^~~~~~~~~~~~~~~~~~~~~
make: *** [Drivers/STM32L4xx_HAL_Driver/Src/subdir.mk:70: Drivers/STM32L4xx_HAL_Driver/Src/stm32l4xx_hal.o] Error 1
make: *** Waiting for unfinished jobs....
make: *** [Drivers/STM32L4xx_HAL_Driver/Src/subdir.mk:70: Drivers/STM32L4xx_HAL_Driver/Src/stm32l4xx_hal_cortex.o] Error 1
In file included from ../Drivers/STM32L4xx_HAL_Driver/Inc/stm32l4xx_hal.h:29,
                 from ../Drivers/STM32L4xx_HAL_Driver/Src/stm32l4xx_hal_exti.c:86:
../Core/Inc/stm32l4xx_hal_conf.h:94:31: error: expected identifier before numeric constant
   94 | #define HAL_TICK_FREQ_DEFAULT 1000U
      |                               ^~~~~
../Drivers/STM32L4xx_HAL_Driver/Inc/stm32l4xx_hal.h:52:3: note: in expansion of macro 'HAL_TICK_FREQ_DEFAULT'
   52 |   HAL_TICK_FREQ_DEFAULT      = HAL_TICK_FREQ_1KHZ
      |   ^~~~~~~~~~~~~~~~~~~~~
make: *** [Drivers/STM32L4xx_HAL_Driver/Src/subdir.mk:70: Drivers/STM32L4xx_HAL_Driver/Src/stm32l4xx_hal_dma_ex.o] Error 1
make: *** [Drivers/STM32L4xx_HAL_Driver/Src/subdir.mk:70: Drivers/STM32L4xx_HAL_Driver/Src/stm32l4xx_hal_dfsdm.o] Error 1
make: *** [Drivers/STM32L4xx_HAL_Driver/Src/subdir.mk:70: Drivers/STM32L4xx_HAL_Driver/Src/stm32l4xx_hal_dma.o] Error 1
make: *** [Drivers/STM32L4xx_HAL_Driver/Src/subdir.mk:70: Drivers/STM32L4xx_HAL_Driver/Src/stm32l4xx_hal_flash_ex.o] Error 1
make: *** [Drivers/STM32L4xx_HAL_Driver/Src/subdir.mk:70: Drivers/STM32L4xx_HAL_Driver/Src/stm32l4xx_hal_flash.o] Error 1
make: *** [Drivers/STM32L4xx_HAL_Driver/Src/subdir.mk:70: Drivers/STM32L4xx_HAL_Driver/Src/stm32l4xx_hal_exti.o] Error 1
"make -j8 all" terminated with exit code 2. Build might be incomplete.
21:58:32 **** Incremental Build of configuration Debug for project HTS221_I2C_Test ****
make -j8 all 
arm-none-eabi-gcc "../Drivers/STM32L4xx_HAL_Driver/Src/stm32l4xx_hal.c" -mcpu=cortex-m4 -std=gnu11 -g3 -DDEBUG -DUSE_HAL_DRIVER -DSTM32L475xx -c -I../Core/Inc -I../Drivers/STM32L4xx_HAL_Driver/Inc -I../Drivers/STM32L4xx_HAL_Driver/Inc/Legacy -I../Drivers/CMSIS/Device/ST/STM32L4xx/Include -I../Drivers/CMSIS/Include -O0 -ffunction-sections -fdata-sections -Wall -fstack-usage -fcyclomatic-complexity -MMD -MP -MF"Drivers/STM32L4xx_HAL_Driver/Src/stm32l4xx_hal.d" -MT"Drivers/STM32L4xx_HAL_Driver/Src/stm32l4xx_hal.o" --specs=nano.specs -mfpu=fpv4-sp-d16 -mfloat-abi=hard -mthumb -o "Drivers/STM32L4xx_HAL_Driver/Src/stm32l4xx_hal.o"
arm-none-eabi-gcc "../Drivers/STM32L4xx_HAL_Driver/Src/stm32l4xx_hal_cortex.c" -mcpu=cortex-m4 -std=gnu11 -g3 -DDEBUG -DUSE_HAL_DRIVER -DSTM32L475xx -c -I../Core/Inc -I../Drivers/STM32L4xx_HAL_Driver/Inc -I../Drivers/STM32L4xx_HAL_Driver/Inc/Legacy -I../Drivers/CMSIS/Device/ST/STM32L4xx/Include -I../Drivers/CMSIS/Include -O0 -ffunction-sections -fdata-sections -Wall -fstack-usage -fcyclomatic-complexity -MMD -MP -MF"Drivers/STM32L4xx_HAL_Driver/Src/stm32l4xx_hal_cortex.d" -MT"Drivers/STM32L4xx_HAL_Driver/Src/stm32l4xx_hal_cortex.o" --specs=nano.specs -mfpu=fpv4-sp-d16 -mfloat-abi=hard -mthumb -o "Drivers/STM32L4xx_HAL_Driver/Src/stm32l4xx_hal_cortex.o"
arm-none-eabi-gcc "../Drivers/STM32L4xx_HAL_Driver/Src/stm32l4xx_hal_dfsdm.c" -mcpu=cortex-m4 -std=gnu11 -g3 -DDEBUG -DUSE_HAL_DRIVER -DSTM32L475xx -c -I../Core/Inc -I../Drivers/STM32L4xx_HAL_Driver/Inc -I../Drivers/STM32L4xx_HAL_Driver/Inc/Legacy -I../Drivers/CMSIS/Device/ST/STM32L4xx/Include -I../Drivers/CMSIS/Include -O0 -ffunction-sections -fdata-sections -Wall -fstack-usage -fcyclomatic-complexity -MMD -MP -MF"Drivers/STM32L4xx_HAL_Driver/Src/stm32l4xx_hal_dfsdm.d" -MT"Drivers/STM32L4xx_HAL_Driver/Src/stm32l4xx_hal_dfsdm.o" --specs=nano.specs -mfpu=fpv4-sp-d16 -mfloat-abi=hard -mthumb -o "Drivers/STM32L4xx_HAL_Driver/Src/stm32l4xx_hal_dfsdm.o"
arm-none-eabi-gcc "../Drivers/STM32L4xx_HAL_Driver/Src/stm32l4xx_hal_dma.c" -mcpu=cortex-m4 -std=gnu11 -g3 -DDEBUG -DUSE_HAL_DRIVER -DSTM32L475xx -c -I../Core/Inc -I../Drivers/STM32L4xx_HAL_Driver/Inc -I../Drivers/STM32L4xx_HAL_Driver/Inc/Legacy -I../Drivers/CMSIS/Device/ST/STM32L4xx/Include -I../Drivers/CMSIS/Include -O0 -ffunction-sections -fdata-sections -Wall -fstack-usage -fcyclomatic-complexity -MMD -MP -MF"Drivers/STM32L4xx_HAL_Driver/Src/stm32l4xx_hal_dma.d" -MT"Drivers/STM32L4xx_HAL_Driver/Src/stm32l4xx_hal_dma.o" --specs=nano.specs -mfpu=fpv4-sp-d16 -mfloat-abi=hard -mthumb -o "Drivers/STM32L4xx_HAL_Driver/Src/stm32l4xx_hal_dma.o"
arm-none-eabi-gcc "../Drivers/STM32L4xx_HAL_Driver/Src/stm32l4xx_hal_dma_ex.c" -mcpu=cortex-m4 -std=gnu11 -g3 -DDEBUG -DUSE_HAL_DRIVER -DSTM32L475xx -c -I../Core/Inc -I../Drivers/STM32L4xx_HAL_Driver/Inc -I../Drivers/STM32L4xx_HAL_Driver/Inc/Legacy -I../Drivers/CMSIS/Device/ST/STM32L4xx/Include -I../Drivers/CMSIS/Include -O0 -ffunction-sections -fdata-sections -Wall -fstack-usage -fcyclomatic-complexity -MMD -MP -MF"Drivers/STM32L4xx_HAL_Driver/Src/stm32l4xx_hal_dma_ex.d" -MT"Drivers/STM32L4xx_HAL_Driver/Src/stm32l4xx_hal_dma_ex.o" --specs=nano.specs -mfpu=fpv4-sp-d16 -mfloat-abi=hard -mthumb -o "Drivers/STM32L4xx_HAL_Driver/Src/stm32l4xx_hal_dma_ex.o"
arm-none-eabi-gcc "../Drivers/STM32L4xx_HAL_Driver/Src/stm32l4xx_hal_exti.c" -mcpu=cortex-m4 -std=gnu11 -g3 -DDEBUG -DUSE_HAL_DRIVER -DSTM32L475xx -c -I../Core/Inc -I../Drivers/STM32L4xx_HAL_Driver/Inc -I../Drivers/STM32L4xx_HAL_Driver/Inc/Legacy -I../Drivers/CMSIS/Device/ST/STM32L4xx/Include -I../Drivers/CMSIS/Include -O0 -ffunction-sections -fdata-sections -Wall -fstack-usage -fcyclomatic-complexity -MMD -MP -MF"Drivers/STM32L4xx_HAL_Driver/Src/stm32l4xx_hal_exti.d" -MT"Drivers/STM32L4xx_HAL_Driver/Src/stm32l4xx_hal_exti.o" --specs=nano.specs -mfpu=fpv4-sp-d16 -mfloat-abi=hard -mthumb -o "Drivers/STM32L4xx_HAL_Driver/Src/stm32l4xx_hal_exti.o"
arm-none-eabi-gcc "../Drivers/STM32L4xx_HAL_Driver/Src/stm32l4xx_hal_flash.c" -mcpu=cortex-m4 -std=gnu11 -g3 -DDEBUG -DUSE_HAL_DRIVER -DSTM32L475xx -c -I../Core/Inc -I../Drivers/STM32L4xx_HAL_Driver/Inc -I../Drivers/STM32L4xx_HAL_Driver/Inc/Legacy -I../Drivers/CMSIS/Device/ST/STM32L4xx/Include -I../Drivers/CMSIS/Include -O0 -ffunction-sections -fdata-sections -Wall -fstack-usage -fcyclomatic-complexity -MMD -MP -MF"Drivers/STM32L4xx_HAL_Driver/Src/stm32l4xx_hal_flash.d" -MT"Drivers/STM32L4xx_HAL_Driver/Src/stm32l4xx_hal_flash.o" --specs=nano.specs -mfpu=fpv4-sp-d16 -mfloat-abi=hard -mthumb -o "Drivers/STM32L4xx_HAL_Driver/Src/stm32l4xx_hal_flash.o"
arm-none-eabi-gcc "../Drivers/STM32L4xx_HAL_Driver/Src/stm32l4xx_hal_flash_ex.c" -mcpu=cortex-m4 -std=gnu11 -g3 -DDEBUG -DUSE_HAL_DRIVER -DSTM32L475xx -c -I../Core/Inc -I../Drivers/STM32L4xx_HAL_Driver/Inc -I../Drivers/STM32L4xx_HAL_Driver/Inc/Legacy -I../Drivers/CMSIS/Device/ST/STM32L4xx/Include -I../Drivers/CMSIS/Include -O0 -ffunction-sections -fdata-sections -Wall -fstack-usage -fcyclomatic-complexity -MMD -MP -MF"Drivers/STM32L4xx_HAL_Driver/Src/stm32l4xx_hal_flash_ex.d" -MT"Drivers/STM32L4xx_HAL_Driver/Src/stm32l4xx_hal_flash_ex.o" --specs=nano.specs -mfpu=fpv4-sp-d16 -mfloat-abi=hard -mthumb -o "Drivers/STM32L4xx_HAL_Driver/Src/stm32l4xx_hal_flash_ex.o"
In file included from ../Drivers/STM32L4xx_HAL_Driver/Inc/stm32l4xx_hal.h:29,
                 from ../Drivers/STM32L4xx_HAL_Driver/Src/stm32l4xx_hal_cortex.c:104:
../Core/Inc/stm32l4xx_hal_conf.h:94:31: error: expected identifier before numeric constant
   94 | #define HAL_TICK_FREQ_DEFAULT 1000
      |                               ^~~~
../Drivers/STM32L4xx_HAL_Driver/Inc/stm32l4xx_hal.h:52:3: note: in expansion of macro 'HAL_TICK_FREQ_DEFAULT'
   52 |   HAL_TICK_FREQ_DEFAULT      = HAL_TICK_FREQ_1KHZ
      |   ^~~~~~~~~~~~~~~~~~~~~
In file included from ../Drivers/STM32L4xx_HAL_Driver/Inc/stm32l4xx_hal.h:29,
                 from ../Drivers/STM32L4xx_HAL_Driver/Src/stm32l4xx_hal.c:36:
../Core/Inc/stm32l4xx_hal_conf.h:94:31: error: expected identifier before numeric constant
   94 | #define HAL_TICK_FREQ_DEFAULT 1000
      |                               ^~~~
../Drivers/STM32L4xx_HAL_Driver/Inc/stm32l4xx_hal.h:52:3: note: in expansion of macro 'HAL_TICK_FREQ_DEFAULT'
   52 |   HAL_TICK_FREQ_DEFAULT      = HAL_TICK_FREQ_1KHZ
      |   ^~~~~~~~~~~~~~~~~~~~~
../Core/Inc/stm32l4xx_hal_conf.h:94:31: warning: unsigned conversion from 'int' to 'HAL_TickFreqTypeDef' changes value from '1000' to '232' [-Woverflow]
   94 | #define HAL_TICK_FREQ_DEFAULT 1000
      |                               ^~~~
../Drivers/STM32L4xx_HAL_Driver/Src/stm32l4xx_hal.c:92:34: note: in expansion of macro 'HAL_TICK_FREQ_DEFAULT'
   92 | HAL_TickFreqTypeDef uwTickFreq = HAL_TICK_FREQ_DEFAULT;  /* 1KHz */
      |                                  ^~~~~~~~~~~~~~~~~~~~~
In file included from ../Drivers/STM32L4xx_HAL_Driver/Inc/stm32l4xx_hal.h:29,
                 from ../Drivers/STM32L4xx_HAL_Driver/Src/stm32l4xx_hal_dfsdm.c:268:
../Core/Inc/stm32l4xx_hal_conf.h:94:31: error: expected identifier before numeric constant
   94 | #define HAL_TICK_FREQ_DEFAULT 1000
      |                               ^~~~
../Drivers/STM32L4xx_HAL_Driver/Inc/stm32l4xx_hal.h:52:3: note: in expansion of macro 'HAL_TICK_FREQ_DEFAULT'
   52 |   HAL_TICK_FREQ_DEFAULT      = HAL_TICK_FREQ_1KHZ
      |   ^~~~~~~~~~~~~~~~~~~~~
In file included from ../Drivers/STM32L4xx_HAL_Driver/Inc/stm32l4xx_hal.h:29,
                 from ../Drivers/STM32L4xx_HAL_Driver/Src/stm32l4xx_hal_dma_ex.c:50:
../Core/Inc/stm32l4xx_hal_conf.h:94:31: error: expected identifier before numeric constant
   94 | #define HAL_TICK_FREQ_DEFAULT 1000
      |                               ^~~~
../Drivers/STM32L4xx_HAL_Driver/Inc/stm32l4xx_hal.h:52:3: note: in expansion of macro 'HAL_TICK_FREQ_DEFAULT'
   52 |   HAL_TICK_FREQ_DEFAULT      = HAL_TICK_FREQ_1KHZ
      |   ^~~~~~~~~~~~~~~~~~~~~
In file included from ../Drivers/STM32L4xx_HAL_Driver/Inc/stm32l4xx_hal.h:29,
                 from ../Drivers/STM32L4xx_HAL_Driver/Src/stm32l4xx_hal_exti.c:86:
../Core/Inc/stm32l4xx_hal_conf.h:94:31: error: expected identifier before numeric constant
   94 | #define HAL_TICK_FREQ_DEFAULT 1000
      |                               ^~~~
../Drivers/STM32L4xx_HAL_Driver/Inc/stm32l4xx_hal.h:52:3: note: in expansion of macro 'HAL_TICK_FREQ_DEFAULT'
   52 |   HAL_TICK_FREQ_DEFAULT      = HAL_TICK_FREQ_1KHZ
      |   ^~~~~~~~~~~~~~~~~~~~~
make: *** [Drivers/STM32L4xx_HAL_Driver/Src/subdir.mk:70: Drivers/STM32L4xx_HAL_Driver/Src/stm32l4xx_hal_cortex.o] Error 1
make: *** Waiting for unfinished jobs....
In file included from ../Drivers/STM32L4xx_HAL_Driver/Inc/stm32l4xx_hal.h:29,
                 from ../Drivers/STM32L4xx_HAL_Driver/Src/stm32l4xx_hal_dma.c:91:
../Core/Inc/stm32l4xx_hal_conf.h:94:31: error: expected identifier before numeric constant
   94 | #define HAL_TICK_FREQ_DEFAULT 1000
      |                               ^~~~
../Drivers/STM32L4xx_HAL_Driver/Inc/stm32l4xx_hal.h:52:3: note: in expansion of macro 'HAL_TICK_FREQ_DEFAULT'
   52 |   HAL_TICK_FREQ_DEFAULT      = HAL_TICK_FREQ_1KHZ
      |   ^~~~~~~~~~~~~~~~~~~~~
make: *** [Drivers/STM32L4xx_HAL_Driver/Src/subdir.mk:70: Drivers/STM32L4xx_HAL_Driver/Src/stm32l4xx_hal.o] Error 1
make: *** [Drivers/STM32L4xx_HAL_Driver/Src/subdir.mk:70: Drivers/STM32L4xx_HAL_Driver/Src/stm32l4xx_hal_dma_ex.o] Error 1
make: *** [Drivers/STM32L4xx_HAL_Driver/Src/subdir.mk:70: Drivers/STM32L4xx_HAL_Driver/Src/stm32l4xx_hal_exti.o] Error 1
make: *** [Drivers/STM32L4xx_HAL_Driver/Src/subdir.mk:70: Drivers/STM32L4xx_HAL_Driver/Src/stm32l4xx_hal_dfsdm.o] Error 1
make: *** [Drivers/STM32L4xx_HAL_Driver/Src/subdir.mk:70: Drivers/STM32L4xx_HAL_Driver/Src/stm32l4xx_hal_dma.o] Error 1
In file included from ../Drivers/STM32L4xx_HAL_Driver/Inc/stm32l4xx_hal.h:29,
                 from ../Drivers/STM32L4xx_HAL_Driver/Src/stm32l4xx_hal_flash_ex.c:61:
../Core/Inc/stm32l4xx_hal_conf.h:94:31: error: expected identifier before numeric constant
   94 | #define HAL_TICK_FREQ_DEFAULT 1000
      |                               ^~~~
../Drivers/STM32L4xx_HAL_Driver/Inc/stm32l4xx_hal.h:52:3: note: in expansion of macro 'HAL_TICK_FREQ_DEFAULT'
   52 |   HAL_TICK_FREQ_DEFAULT      = HAL_TICK_FREQ_1KHZ
      |   ^~~~~~~~~~~~~~~~~~~~~
In file included from ../Drivers/STM32L4xx_HAL_Driver/Inc/stm32l4xx_hal.h:29,
                 from ../Drivers/STM32L4xx_HAL_Driver/Src/stm32l4xx_hal_flash.c:88:
../Core/Inc/stm32l4xx_hal_conf.h:94:31: error: expected identifier before numeric constant
   94 | #define HAL_TICK_FREQ_DEFAULT 1000
      |                               ^~~~
../Drivers/STM32L4xx_HAL_Driver/Inc/stm32l4xx_hal.h:52:3: note: in expansion of macro 'HAL_TICK_FREQ_DEFAULT'
   52 |   HAL_TICK_FREQ_DEFAULT      = HAL_TICK_FREQ_1KHZ
      |   ^~~~~~~~~~~~~~~~~~~~~
make: *** [Drivers/STM32L4xx_HAL_Driver/Src/subdir.mk:70: Drivers/STM32L4xx_HAL_Driver/Src/stm32l4xx_hal_flash_ex.o] Error 1
make: *** [Drivers/STM32L4xx_HAL_Driver/Src/subdir.mk:70: Drivers/STM32L4xx_HAL_Driver/Src/stm32l4xx_hal_flash.o] Error 1
"make -j8 all" terminated with exit code 2. Build might be incomplete.
